app/build/intermediates/manifest_merge_blame_file/debug/manifest-merger-blame-debug-report.txt
1<?xml version="1.0" encoding="utf-8"?>
2<manifest xmlns:android="http://schemas.android.com/apk/res/android"
3    package="com.shoaibsaikat.ble"
4    android:versionCode="1"
5    android:versionName="1.0" >
6
7    <uses-sdk
8        android:minSdkVersion="21"
8-->src\main\AndroidManifest.xml
9        android:targetSdkVersion="30" />
9-->src\main\AndroidManifest.xml
10
11    <uses-permission android:name="android.permission.BLUETOOTH" />
11-->src\main\AndroidManifest.xml:7:5-67
11-->src\main\AndroidManifest.xml:7:22-65
12    <uses-permission android:name="android.permission.BLUETOOTH_ADMIN" />
12-->src\main\AndroidManifest.xml:8:2-70
12-->src\main\AndroidManifest.xml:8:19-68
13
14    <uses-feature
14-->src\main\AndroidManifest.xml:10:2-86
15        android:name="android.hardware.bluetooth_le"
15-->src\main\AndroidManifest.xml:10:16-60
16        android:required="true" />
16-->src\main\AndroidManifest.xml:10:61-84
17
18    <application
18-->src\main\AndroidManifest.xml:12:5-36:19
19        android:allowBackup="true"
19-->src\main\AndroidManifest.xml:13:9-35
20        android:appComponentFactory="android.support.v4.app.CoreComponentFactory"
20-->[com.android.support:support-compat:28.0.0] AndroidManifest.xml:22:18-91
21        android:debuggable="true"
22        android:icon="@drawable/ic_launcher"
22-->src\main\AndroidManifest.xml:14:9-45
23        android:label="@string/app_name"
23-->src\main\AndroidManifest.xml:15:9-41
24        android:theme="@style/AppTheme" >
24-->src\main\AndroidManifest.xml:16:9-40
25        <activity
25-->src\main\AndroidManifest.xml:17:9-25:20
26            android:name="com.shoaibsaikat.ble.MainActivity"
26-->src\main\AndroidManifest.xml:18:13-41
27            android:label="@string/app_name" >
27-->src\main\AndroidManifest.xml:19:13-45
28            <intent-filter>
28-->src\main\AndroidManifest.xml:20:13-24:29
29                <action android:name="android.intent.action.MAIN" />
29-->src\main\AndroidManifest.xml:21:17-69
29-->src\main\AndroidManifest.xml:21:25-66
30
31                <category android:name="android.intent.category.LAUNCHER" />
31-->src\main\AndroidManifest.xml:23:17-77
31-->src\main\AndroidManifest.xml:23:27-74
32            </intent-filter>
33        </activity>
34        <activity
34-->src\main\AndroidManifest.xml:27:9-30:20
35            android:name="com.shoaibsaikat.ble.ServerActivity"
35-->src\main\AndroidManifest.xml:28:13-43
36            android:label="@string/app_name" >
36-->src\main\AndroidManifest.xml:29:13-45
37        </activity>
38        <activity
38-->src\main\AndroidManifest.xml:32:9-35:20
39            android:name="com.shoaibsaikat.ble.ClientActivity"
39-->src\main\AndroidManifest.xml:33:13-43
40            android:label="@string/app_name" >
40-->src\main\AndroidManifest.xml:34:13-45
41        </activity>
42    </application>
43
44</manifest>